mode: set
github.com/occmundial/consumer-clevertap-resumes/pkg/consumer/consumer.go:27.29,28.6 1 0
github.com/occmundial/consumer-clevertap-resumes/pkg/consumer/consumer.go:28.6,30.3 1 0
github.com/occmundial/consumer-clevertap-resumes/pkg/consumer/consumer.go:33.33,36.24 3 1
github.com/occmundial/consumer-clevertap-resumes/pkg/consumer/consumer.go:45.2,46.10 2 1
github.com/occmundial/consumer-clevertap-resumes/pkg/consumer/consumer.go:36.24,37.7 1 1
github.com/occmundial/consumer-clevertap-resumes/pkg/consumer/consumer.go:37.7,38.50 1 1
github.com/occmundial/consumer-clevertap-resumes/pkg/consumer/consumer.go:38.50,39.10 1 1
github.com/occmundial/consumer-clevertap-resumes/pkg/consumer/consumer.go:42.8,44.3 1 1
github.com/occmundial/consumer-clevertap-resumes/pkg/consumer/consumer.go:49.45,51.16 2 1
github.com/occmundial/consumer-clevertap-resumes/pkg/consumer/consumer.go:54.2,54.19 1 1
github.com/occmundial/consumer-clevertap-resumes/pkg/consumer/consumer.go:51.16,53.3 1 1
github.com/occmundial/consumer-clevertap-resumes/pkg/consumer/consumer.go:57.45,61.2 3 1
github.com/occmundial/consumer-clevertap-resumes/pkg/consumer/consumer.go:64.69,66.2 1 1
github.com/occmundial/consumer-clevertap-resumes/pkg/consumer/consumer.go:68.60,71.2 2 1
github.com/occmundial/consumer-clevertap-resumes/pkg/consumer/consumer.go:73.67,74.16 1 1
github.com/occmundial/consumer-clevertap-resumes/pkg/consumer/consumer.go:77.2,77.18 1 1
github.com/occmundial/consumer-clevertap-resumes/pkg/consumer/consumer.go:74.16,76.3 1 1
github.com/occmundial/consumer-clevertap-resumes/pkg/consumer/consumer.go:80.30,83.2 2 1
github.com/occmundial/consumer-clevertap-resumes/pkg/consumer/consumer.go:85.103,90.14 2 1
github.com/occmundial/consumer-clevertap-resumes/pkg/consumer/consumer.go:96.2,96.51 1 1
github.com/occmundial/consumer-clevertap-resumes/pkg/consumer/consumer.go:90.14,92.3 1 1
github.com/occmundial/consumer-clevertap-resumes/pkg/consumer/consumer.go:92.8,95.3 2 1
github.com/occmundial/consumer-clevertap-resumes/pkg/consumer/consumer.go:96.51,98.15 2 1
github.com/occmundial/consumer-clevertap-resumes/pkg/consumer/consumer.go:103.3,109.11 1 1
github.com/occmundial/consumer-clevertap-resumes/pkg/consumer/consumer.go:98.15,100.4 1 1
github.com/occmundial/consumer-clevertap-resumes/pkg/consumer/consumer.go:100.9,102.4 1 1
github.com/occmundial/consumer-clevertap-resumes/pkg/consumer/consumer.go:110.8,115.3 1 1
github.com/occmundial/consumer-clevertap-resumes/pkg/consumer/consumer.go:118.71,120.2 1 1
github.com/occmundial/consumer-clevertap-resumes/pkg/consumer/consumer.go:122.39,123.32 1 1
github.com/occmundial/consumer-clevertap-resumes/pkg/consumer/consumer.go:126.2,126.13 1 1
github.com/occmundial/consumer-clevertap-resumes/pkg/consumer/consumer.go:123.32,125.3 1 1
github.com/occmundial/consumer-clevertap-resumes/pkg/consumer/mockRepository.go:12.58,15.2 2 1
github.com/occmundial/consumer-clevertap-resumes/pkg/consumer/mockRepository.go:16.78,19.2 2 1
github.com/occmundial/consumer-clevertap-resumes/internal/app/updater/database_repository.go:20.93,25.2 1 0
github.com/occmundial/consumer-clevertap-resumes/internal/app/updater/database_repository.go:27.109,35.44 3 0
github.com/occmundial/consumer-clevertap-resumes/internal/app/updater/database_repository.go:38.2,38.16 1 0
github.com/occmundial/consumer-clevertap-resumes/internal/app/updater/database_repository.go:42.2,42.20 1 0
github.com/occmundial/consumer-clevertap-resumes/internal/app/updater/database_repository.go:35.44,37.3 1 0
github.com/occmundial/consumer-clevertap-resumes/internal/app/updater/database_repository.go:38.16,41.3 2 0
github.com/occmundial/consumer-clevertap-resumes/internal/app/updater/message_deserializer_message_to_process.go:9.68,11.2 1 1
github.com/occmundial/consumer-clevertap-resumes/internal/app/updater/message_deserializer_message_to_process.go:16.120,20.2 3 1
github.com/occmundial/consumer-clevertap-resumes/internal/app/updater/message_resolver_updater.go:17.43,23.2 1 1
github.com/occmundial/consumer-clevertap-resumes/internal/app/updater/message_resolver_updater.go:32.111,33.63 1 1
github.com/occmundial/consumer-clevertap-resumes/internal/app/updater/message_resolver_updater.go:36.2,36.46 1 1
github.com/occmundial/consumer-clevertap-resumes/internal/app/updater/message_resolver_updater.go:40.2,41.16 2 1
github.com/occmundial/consumer-clevertap-resumes/internal/app/updater/message_resolver_updater.go:45.2,47.16 3 1
github.com/occmundial/consumer-clevertap-resumes/internal/app/updater/message_resolver_updater.go:51.2,51.12 1 1
github.com/occmundial/consumer-clevertap-resumes/internal/app/updater/message_resolver_updater.go:33.63,35.3 1 1
github.com/occmundial/consumer-clevertap-resumes/internal/app/updater/message_resolver_updater.go:36.46,39.3 2 0
github.com/occmundial/consumer-clevertap-resumes/internal/app/updater/message_resolver_updater.go:41.16,44.3 2 1
github.com/occmundial/consumer-clevertap-resumes/internal/app/updater/message_resolver_updater.go:47.16,50.3 2 1
github.com/occmundial/consumer-clevertap-resumes/internal/app/updater/message_resolver_updater.go:54.140,75.2 4 1
github.com/occmundial/consumer-clevertap-resumes/internal/app/updater/message_resolver_updater.go:77.88,79.2 1 1
github.com/occmundial/consumer-clevertap-resumes/internal/app/updater/message_resolver_updater.go:81.94,83.2 1 1
github.com/occmundial/consumer-clevertap-resumes/internal/app/updater/message_resolver_updater.go:84.101,86.2 1 1
github.com/occmundial/consumer-clevertap-resumes/internal/app/updater/api_clevertap_repository.go:32.91,40.2 3 1
github.com/occmundial/consumer-clevertap-resumes/internal/app/updater/api_clevertap_repository.go:43.50,48.16 5 1
github.com/occmundial/consumer-clevertap-resumes/internal/app/updater/api_clevertap_repository.go:51.2,51.42 1 1
github.com/occmundial/consumer-clevertap-resumes/internal/app/updater/api_clevertap_repository.go:54.2,55.12 2 1
github.com/occmundial/consumer-clevertap-resumes/internal/app/updater/api_clevertap_repository.go:48.16,50.3 1 1
github.com/occmundial/consumer-clevertap-resumes/internal/app/updater/api_clevertap_repository.go:51.42,53.3 1 1
github.com/occmundial/consumer-clevertap-resumes/internal/app/updater/api_clevertap_repository.go:58.81,62.16 4 1
github.com/occmundial/consumer-clevertap-resumes/internal/app/updater/api_clevertap_repository.go:65.2,70.16 4 1
github.com/occmundial/consumer-clevertap-resumes/internal/app/updater/api_clevertap_repository.go:73.2,73.42 1 1
github.com/occmundial/consumer-clevertap-resumes/internal/app/updater/api_clevertap_repository.go:76.2,78.16 3 1
github.com/occmundial/consumer-clevertap-resumes/internal/app/updater/api_clevertap_repository.go:81.2,83.16 3 1
github.com/occmundial/consumer-clevertap-resumes/internal/app/updater/api_clevertap_repository.go:86.2,86.83 1 1
github.com/occmundial/consumer-clevertap-resumes/internal/app/updater/api_clevertap_repository.go:90.2,90.12 1 1
github.com/occmundial/consumer-clevertap-resumes/internal/app/updater/api_clevertap_repository.go:62.16,64.3 1 0
github.com/occmundial/consumer-clevertap-resumes/internal/app/updater/api_clevertap_repository.go:70.16,72.3 1 1
github.com/occmundial/consumer-clevertap-resumes/internal/app/updater/api_clevertap_repository.go:73.42,75.3 1 1
github.com/occmundial/consumer-clevertap-resumes/internal/app/updater/api_clevertap_repository.go:78.16,80.3 1 0
github.com/occmundial/consumer-clevertap-resumes/internal/app/updater/api_clevertap_repository.go:83.16,85.3 1 0
github.com/occmundial/consumer-clevertap-resumes/internal/app/updater/api_clevertap_repository.go:86.83,89.3 2 1
github.com/occmundial/consumer-clevertap-resumes/internal/app/updater/api_clevertap_repository.go:94.82,98.2 2 1
github.com/occmundial/consumer-clevertap-resumes/pkg/processor/processor.go:24.58,26.2 1 1
github.com/occmundial/consumer-clevertap-resumes/pkg/processor/processor.go:29.66,31.16 2 1
github.com/occmundial/consumer-clevertap-resumes/pkg/processor/processor.go:36.2,36.67 1 1
github.com/occmundial/consumer-clevertap-resumes/pkg/processor/processor.go:39.2,40.59 2 1
github.com/occmundial/consumer-clevertap-resumes/pkg/processor/processor.go:31.16,34.3 1 1
github.com/occmundial/consumer-clevertap-resumes/pkg/processor/processor.go:36.67,38.3 1 1
github.com/occmundial/consumer-clevertap-resumes/pkg/processor/processor.go:43.118,44.98 1 1
github.com/occmundial/consumer-clevertap-resumes/pkg/processor/processor.go:48.2,48.81 1 1
github.com/occmundial/consumer-clevertap-resumes/pkg/processor/processor.go:53.2,53.33 1 1
github.com/occmundial/consumer-clevertap-resumes/pkg/processor/processor.go:44.98,47.3 2 1
github.com/occmundial/consumer-clevertap-resumes/pkg/processor/processor.go:48.81,52.3 2 1
github.com/occmundial/consumer-clevertap-resumes/pkg/processor/processor.go:57.103,58.46 1 1
github.com/occmundial/consumer-clevertap-resumes/pkg/processor/processor.go:64.2,64.10 1 1
github.com/occmundial/consumer-clevertap-resumes/pkg/processor/processor.go:58.46,60.71 2 1
github.com/occmundial/consumer-clevertap-resumes/pkg/processor/processor.go:60.71,62.4 1 1
github.com/occmundial/consumer-clevertap-resumes/pkg/processor/processor.go:67.61,68.73 1 1
github.com/occmundial/consumer-clevertap-resumes/pkg/processor/processor.go:68.73,70.62 2 1
github.com/occmundial/consumer-clevertap-resumes/pkg/processor/processor.go:70.62,72.4 1 1
github.com/occmundial/consumer-clevertap-resumes/pkg/processor/processor.go:72.9,74.4 1 1
github.com/occmundial/consumer-clevertap-resumes/pkg/processor/processor.go:78.65,79.44 1 1
github.com/occmundial/consumer-clevertap-resumes/pkg/processor/processor.go:89.2,89.49 1 1
github.com/occmundial/consumer-clevertap-resumes/pkg/processor/processor.go:94.2,94.11 1 1
github.com/occmundial/consumer-clevertap-resumes/pkg/processor/processor.go:79.44,82.55 2 1
github.com/occmundial/consumer-clevertap-resumes/pkg/processor/processor.go:82.55,86.4 2 1
github.com/occmundial/consumer-clevertap-resumes/pkg/processor/processor.go:89.49,93.3 2 1
github.com/occmundial/consumer-clevertap-resumes/pkg/processor/utils.go:10.55,12.2 1 1
github.com/occmundial/consumer-clevertap-resumes/pkg/processor/utils.go:14.106,20.2 1 1
github.com/occmundial/consumer-clevertap-resumes/pkg/processor/utils.go:22.78,27.2 1 1
github.com/occmundial/consumer-clevertap-resumes/pkg/processor/mockConsumerRepository.go:15.68,18.2 2 1
github.com/occmundial/consumer-clevertap-resumes/pkg/processor/mockConsumerRepository.go:21.95,24.2 2 1
github.com/occmundial/consumer-clevertap-resumes/pkg/processor/mockConsumerRepository.go:26.73,29.2 2 1
github.com/occmundial/consumer-clevertap-resumes/pkg/processor/mockConsumerRepository.go:31.96,34.2 2 1
github.com/occmundial/consumer-clevertap-resumes/pkg/processor/mockConsumerRepository.go:35.74,38.2 2 1
github.com/occmundial/consumer-clevertap-resumes/pkg/processor/mockConsumerRepository.go:39.80,41.2 1 1
github.com/occmundial/consumer-clevertap-resumes/pkg/processor/mockConsumerRepository.go:42.87,44.2 1 1
